
*** Running vivado
    with args -log design_1_datag_0_0.vds -m64 -product Vivado -mode batch -messageDb vivado.pb -notrace -source design_1_datag_0_0.tcl


****** Vivado v2018.3 (64-bit)
  **** SW Build 2405991 on Thu Dec  6 23:36:41 MST 2018
  **** IP Build 2404404 on Fri Dec  7 01:43:56 MST 2018
    ** Copyright 1986-2018 Xilinx, Inc. All Rights Reserved.

source design_1_datag_0_0.tcl -notrace
INFO: [IP_Flow 19-234] Refreshing IP repositories
INFO: [IP_Flow 19-1700] Loaded user IP repository '/home/shubham/HLS_Exercises/pspolar111/solution1/impl'.
INFO: [IP_Flow 19-1700] Loaded user IP repository '/home/shubham/HLS_Exercises/LLRGen'.
INFO: [IP_Flow 19-2313] Loaded Vivado IP repository '/home/shubham/Xilinx2018.3/Vivado/2018.3/data/ip'.
Command: synth_design -top design_1_datag_0_0 -part xczu28dr-ffvg1517-2-e -mode out_of_context
Starting synth_design
Attempting to get a license for feature 'Synthesis' and/or device 'xczu28dr'
INFO: [Common 17-349] Got license for feature 'Synthesis' and/or device 'xczu28dr'
INFO: Launching helper process for spawning children vivado processes
INFO: Helper process launched with PID 13857 
---------------------------------------------------------------------------------
Starting RTL Elaboration : Time (s): cpu = 00:00:01 ; elapsed = 00:00:01 . Memory (MB): peak = 1466.031 ; gain = 75.000 ; free physical = 1801 ; free virtual = 4023
---------------------------------------------------------------------------------
INFO: [Synth 8-6157] synthesizing module 'design_1_datag_0_0' [/home/shubham/Vivado_Exercises/EncoderDecoder/EncoderDecoder.srcs/sources_1/bd/design_1/ip/design_1_datag_0_0/synth/design_1_datag_0_0.v:58]
INFO: [Synth 8-6157] synthesizing module 'datag' [/home/shubham/Vivado_Exercises/EncoderDecoder/EncoderDecoder.srcs/sources_1/bd/design_1/ipshared/5f84/hdl/verilog/datag.v:12]
	Parameter ap_ST_fsm_state1 bound to: 2'b01 
	Parameter ap_ST_fsm_state2 bound to: 2'b10 
INFO: [Synth 8-5534] Detected attribute (* fsm_encoding = "none" *) [/home/shubham/Vivado_Exercises/EncoderDecoder/EncoderDecoder.srcs/sources_1/bd/design_1/ipshared/5f84/hdl/verilog/datag.v:66]
WARNING: [Synth 8-6014] Unused sequential element control_V_1_sel_rd_reg was removed.  [/home/shubham/Vivado_Exercises/EncoderDecoder/EncoderDecoder.srcs/sources_1/bd/design_1/ipshared/5f84/hdl/verilog/datag.v:163]
WARNING: [Synth 8-6014] Unused sequential element din_V_data_V_1_sel_rd_reg was removed.  [/home/shubham/Vivado_Exercises/EncoderDecoder/EncoderDecoder.srcs/sources_1/bd/design_1/ipshared/5f84/hdl/verilog/datag.v:189]
WARNING: [Synth 8-6014] Unused sequential element din_V_tlast_1_sel_rd_reg was removed.  [/home/shubham/Vivado_Exercises/EncoderDecoder/EncoderDecoder.srcs/sources_1/bd/design_1/ipshared/5f84/hdl/verilog/datag.v:215]
WARNING: [Synth 8-6014] Unused sequential element din_words_V_data_V_1_sel_rd_reg was removed.  [/home/shubham/Vivado_Exercises/EncoderDecoder/EncoderDecoder.srcs/sources_1/bd/design_1/ipshared/5f84/hdl/verilog/datag.v:241]
WARNING: [Synth 8-6014] Unused sequential element din_words_V_tlast_1_sel_rd_reg was removed.  [/home/shubham/Vivado_Exercises/EncoderDecoder/EncoderDecoder.srcs/sources_1/bd/design_1/ipshared/5f84/hdl/verilog/datag.v:267]
WARNING: [Synth 8-6014] Unused sequential element dout_words_V_data_V_1_sel_rd_reg was removed.  [/home/shubham/Vivado_Exercises/EncoderDecoder/EncoderDecoder.srcs/sources_1/bd/design_1/ipshared/5f84/hdl/verilog/datag.v:293]
WARNING: [Synth 8-6014] Unused sequential element dout_words_V_tlast_1_sel_rd_reg was removed.  [/home/shubham/Vivado_Exercises/EncoderDecoder/EncoderDecoder.srcs/sources_1/bd/design_1/ipshared/5f84/hdl/verilog/datag.v:319]
INFO: [Synth 8-6155] done synthesizing module 'datag' (1#1) [/home/shubham/Vivado_Exercises/EncoderDecoder/EncoderDecoder.srcs/sources_1/bd/design_1/ipshared/5f84/hdl/verilog/datag.v:12]
INFO: [Synth 8-6155] done synthesizing module 'design_1_datag_0_0' (2#1) [/home/shubham/Vivado_Exercises/EncoderDecoder/EncoderDecoder.srcs/sources_1/bd/design_1/ip/design_1_datag_0_0/synth/design_1_datag_0_0.v:58]
---------------------------------------------------------------------------------
Finished RTL Elaboration : Time (s): cpu = 00:00:02 ; elapsed = 00:00:02 . Memory (MB): peak = 1512.781 ; gain = 121.750 ; free physical = 1813 ; free virtual = 4035
---------------------------------------------------------------------------------

Report Check Netlist: 
+------+------------------+-------+---------+-------+------------------+
|      |Item              |Errors |Warnings |Status |Description       |
+------+------------------+-------+---------+-------+------------------+
|1     |multi_driven_nets |      0|        0|Passed |Multi driven nets |
+------+------------------+-------+---------+-------+------------------+
---------------------------------------------------------------------------------
Start Handling Custom Attributes
---------------------------------------------------------------------------------
---------------------------------------------------------------------------------
Finished Handling Custom Attributes : Time (s): cpu = 00:00:02 ; elapsed = 00:00:02 . Memory (MB): peak = 1512.781 ; gain = 121.750 ; free physical = 1814 ; free virtual = 4035
---------------------------------------------------------------------------------
---------------------------------------------------------------------------------
Finished RTL Optimization Phase 1 : Time (s): cpu = 00:00:02 ; elapsed = 00:00:02 . Memory (MB): peak = 1512.781 ; gain = 121.750 ; free physical = 1814 ; free virtual = 4035
---------------------------------------------------------------------------------
INFO: [Device 21-403] Loading part xczu28dr-ffvg1517-2-e
INFO: [Project 1-570] Preparing netlist for logic optimization

Processing XDC Constraints
Initializing timing engine
Parsing XDC File [/home/shubham/Vivado_Exercises/EncoderDecoder/EncoderDecoder.srcs/sources_1/bd/design_1/ip/design_1_datag_0_0/constraints/datag_ooc.xdc] for cell 'inst'
Finished Parsing XDC File [/home/shubham/Vivado_Exercises/EncoderDecoder/EncoderDecoder.srcs/sources_1/bd/design_1/ip/design_1_datag_0_0/constraints/datag_ooc.xdc] for cell 'inst'
Parsing XDC File [/home/shubham/Vivado_Exercises/EncoderDecoder/EncoderDecoder.runs/design_1_datag_0_0_synth_1/dont_touch.xdc]
Finished Parsing XDC File [/home/shubham/Vivado_Exercises/EncoderDecoder/EncoderDecoder.runs/design_1_datag_0_0_synth_1/dont_touch.xdc]
Completed Processing XDC Constraints

Netlist sorting complete. Time (s): cpu = 00:00:00 ; elapsed = 00:00:00 . Memory (MB): peak = 2450.977 ; gain = 0.000 ; free physical = 749 ; free virtual = 2970
INFO: [Project 1-111] Unisim Transformation Summary:
No Unisim elements were transformed.

Netlist sorting complete. Time (s): cpu = 00:00:00 ; elapsed = 00:00:00 . Memory (MB): peak = 2450.977 ; gain = 0.000 ; free physical = 749 ; free virtual = 2970
Constraint Validation Runtime : Time (s): cpu = 00:00:00.02 ; elapsed = 00:00:00.02 . Memory (MB): peak = 2450.977 ; gain = 0.000 ; free physical = 747 ; free virtual = 2968
---------------------------------------------------------------------------------
Finished Constraint Validation : Time (s): cpu = 00:00:11 ; elapsed = 00:00:17 . Memory (MB): peak = 2450.977 ; gain = 1059.945 ; free physical = 812 ; free virtual = 3034
---------------------------------------------------------------------------------
---------------------------------------------------------------------------------
Start Loading Part and Timing Information
---------------------------------------------------------------------------------
Loading part: xczu28dr-ffvg1517-2-e
INFO: [Synth 8-6742] Reading net delay rules and data
---------------------------------------------------------------------------------
Finished Loading Part and Timing Information : Time (s): cpu = 00:00:11 ; elapsed = 00:00:17 . Memory (MB): peak = 2450.977 ; gain = 1059.945 ; free physical = 812 ; free virtual = 3034
---------------------------------------------------------------------------------
---------------------------------------------------------------------------------
Start Applying 'set_property' XDC Constraints
---------------------------------------------------------------------------------
Applied set_property DONT_TOUCH = true for inst. (constraint file  /home/shubham/Vivado_Exercises/EncoderDecoder/EncoderDecoder.runs/design_1_datag_0_0_synth_1/dont_touch.xdc, line 9).
---------------------------------------------------------------------------------
Finished applying 'set_property' XDC Constraints : Time (s): cpu = 00:00:11 ; elapsed = 00:00:17 . Memory (MB): peak = 2450.977 ; gain = 1059.945 ; free physical = 812 ; free virtual = 3034
---------------------------------------------------------------------------------
INFO: [Synth 8-4490] FSM extraction disabled for register 'ap_CS_fsm_reg' through user attribute
---------------------------------------------------------------------------------
Finished RTL Optimization Phase 2 : Time (s): cpu = 00:00:11 ; elapsed = 00:00:17 . Memory (MB): peak = 2450.977 ; gain = 1059.945 ; free physical = 806 ; free virtual = 3029
---------------------------------------------------------------------------------

Report RTL Partitions: 
+-+--------------+------------+----------+
| |RTL Partition |Replication |Instances |
+-+--------------+------------+----------+
+-+--------------+------------+----------+
---------------------------------------------------------------------------------
Start RTL Component Statistics 
---------------------------------------------------------------------------------
Detailed RTL Component Info : 
+---Registers : 
	                2 Bit    Registers := 8     
+---Muxes : 
	   2 Input      2 Bit        Muxes := 8     
	   4 Input      2 Bit        Muxes := 8     
	   2 Input      1 Bit        Muxes := 7     
---------------------------------------------------------------------------------
Finished RTL Component Statistics 
---------------------------------------------------------------------------------
---------------------------------------------------------------------------------
Start RTL Hierarchical Component Statistics 
---------------------------------------------------------------------------------
Hierarchical RTL Component report 
Module datag 
Detailed RTL Component Info : 
+---Registers : 
	                2 Bit    Registers := 8     
+---Muxes : 
	   2 Input      2 Bit        Muxes := 8     
	   4 Input      2 Bit        Muxes := 8     
	   2 Input      1 Bit        Muxes := 7     
---------------------------------------------------------------------------------
Finished RTL Hierarchical Component Statistics
---------------------------------------------------------------------------------
---------------------------------------------------------------------------------
Start Part Resource Summary
---------------------------------------------------------------------------------
Part Resources:
DSPs: 4272 (col length:192)
BRAMs: 2160 (col length: RAMB18 192 RAMB36 96)
---------------------------------------------------------------------------------
Finished Part Resource Summary
---------------------------------------------------------------------------------
---------------------------------------------------------------------------------
Start Cross Boundary and Area Optimization
---------------------------------------------------------------------------------
Warning: Parallel synthesis criteria is not met 
---------------------------------------------------------------------------------
Finished Cross Boundary and Area Optimization : Time (s): cpu = 00:00:11 ; elapsed = 00:00:18 . Memory (MB): peak = 2450.977 ; gain = 1059.945 ; free physical = 794 ; free virtual = 3017
---------------------------------------------------------------------------------

Report RTL Partitions: 
+-+--------------+------------+----------+
| |RTL Partition |Replication |Instances |
+-+--------------+------------+----------+
+-+--------------+------------+----------+
---------------------------------------------------------------------------------
Start Applying XDC Timing Constraints
---------------------------------------------------------------------------------
---------------------------------------------------------------------------------
Finished Applying XDC Timing Constraints : Time (s): cpu = 00:00:26 ; elapsed = 00:00:44 . Memory (MB): peak = 2727.273 ; gain = 1336.242 ; free physical = 196 ; free virtual = 2070
---------------------------------------------------------------------------------
---------------------------------------------------------------------------------
Start Timing Optimization
---------------------------------------------------------------------------------
---------------------------------------------------------------------------------
Finished Timing Optimization : Time (s): cpu = 00:00:26 ; elapsed = 00:00:44 . Memory (MB): peak = 2748.305 ; gain = 1357.273 ; free physical = 184 ; free virtual = 2058
---------------------------------------------------------------------------------

Report RTL Partitions: 
+-+--------------+------------+----------+
| |RTL Partition |Replication |Instances |
+-+--------------+------------+----------+
+-+--------------+------------+----------+
---------------------------------------------------------------------------------
Start Technology Mapping
---------------------------------------------------------------------------------
---------------------------------------------------------------------------------
Finished Technology Mapping : Time (s): cpu = 00:00:26 ; elapsed = 00:00:44 . Memory (MB): peak = 2748.305 ; gain = 1357.273 ; free physical = 176 ; free virtual = 2049
---------------------------------------------------------------------------------

Report RTL Partitions: 
+-+--------------+------------+----------+
| |RTL Partition |Replication |Instances |
+-+--------------+------------+----------+
+-+--------------+------------+----------+
---------------------------------------------------------------------------------
Start IO Insertion
---------------------------------------------------------------------------------
---------------------------------------------------------------------------------
Start Flattening Before IO Insertion
---------------------------------------------------------------------------------
---------------------------------------------------------------------------------
Finished Flattening Before IO Insertion
---------------------------------------------------------------------------------
---------------------------------------------------------------------------------
Start Final Netlist Cleanup
---------------------------------------------------------------------------------
---------------------------------------------------------------------------------
Finished Final Netlist Cleanup
---------------------------------------------------------------------------------
---------------------------------------------------------------------------------
Finished IO Insertion : Time (s): cpu = 00:00:27 ; elapsed = 00:00:45 . Memory (MB): peak = 2748.305 ; gain = 1357.273 ; free physical = 155 ; free virtual = 1953
---------------------------------------------------------------------------------

Report Check Netlist: 
+------+------------------+-------+---------+-------+------------------+
|      |Item              |Errors |Warnings |Status |Description       |
+------+------------------+-------+---------+-------+------------------+
|1     |multi_driven_nets |      0|        0|Passed |Multi driven nets |
+------+------------------+-------+---------+-------+------------------+
---------------------------------------------------------------------------------
Start Renaming Generated Instances
---------------------------------------------------------------------------------
---------------------------------------------------------------------------------
Finished Renaming Generated Instances : Time (s): cpu = 00:00:27 ; elapsed = 00:00:45 . Memory (MB): peak = 2748.305 ; gain = 1357.273 ; free physical = 155 ; free virtual = 1953
---------------------------------------------------------------------------------

Report RTL Partitions: 
+-+--------------+------------+----------+
| |RTL Partition |Replication |Instances |
+-+--------------+------------+----------+
+-+--------------+------------+----------+
---------------------------------------------------------------------------------
Start Rebuilding User Hierarchy
---------------------------------------------------------------------------------
---------------------------------------------------------------------------------
Finished Rebuilding User Hierarchy : Time (s): cpu = 00:00:27 ; elapsed = 00:00:45 . Memory (MB): peak = 2748.305 ; gain = 1357.273 ; free physical = 155 ; free virtual = 1952
---------------------------------------------------------------------------------
---------------------------------------------------------------------------------
Start Renaming Generated Ports
---------------------------------------------------------------------------------
---------------------------------------------------------------------------------
Finished Renaming Generated Ports : Time (s): cpu = 00:00:27 ; elapsed = 00:00:45 . Memory (MB): peak = 2748.305 ; gain = 1357.273 ; free physical = 155 ; free virtual = 1952
---------------------------------------------------------------------------------
---------------------------------------------------------------------------------
Start Handling Custom Attributes
---------------------------------------------------------------------------------
---------------------------------------------------------------------------------
Finished Handling Custom Attributes : Time (s): cpu = 00:00:27 ; elapsed = 00:00:45 . Memory (MB): peak = 2748.305 ; gain = 1357.273 ; free physical = 155 ; free virtual = 1952
---------------------------------------------------------------------------------
---------------------------------------------------------------------------------
Start Renaming Generated Nets
---------------------------------------------------------------------------------
---------------------------------------------------------------------------------
Finished Renaming Generated Nets : Time (s): cpu = 00:00:27 ; elapsed = 00:00:45 . Memory (MB): peak = 2748.305 ; gain = 1357.273 ; free physical = 155 ; free virtual = 1952
---------------------------------------------------------------------------------
---------------------------------------------------------------------------------
Start Writing Synthesis Report
---------------------------------------------------------------------------------

Report BlackBoxes: 
+-+--------------+----------+
| |BlackBox name |Instances |
+-+--------------+----------+
+-+--------------+----------+

Report Cell Usage: 
+------+-----+------+
|      |Cell |Count |
+------+-----+------+
|1     |LUT1 |     1|
|2     |LUT2 |     1|
|3     |LUT3 |     1|
|4     |LUT4 |    10|
|5     |LUT5 |     7|
|6     |LUT6 |     4|
|7     |FDRE |    15|
|8     |FDSE |     1|
+------+-----+------+

Report Instance Areas: 
+------+---------+-------+------+
|      |Instance |Module |Cells |
+------+---------+-------+------+
|1     |top      |       |    40|
|2     |  inst   |datag  |    40|
+------+---------+-------+------+
---------------------------------------------------------------------------------
Finished Writing Synthesis Report : Time (s): cpu = 00:00:27 ; elapsed = 00:00:45 . Memory (MB): peak = 2748.305 ; gain = 1357.273 ; free physical = 154 ; free virtual = 1952
---------------------------------------------------------------------------------
Synthesis finished with 0 errors, 0 critical warnings and 0 warnings.
Synthesis Optimization Runtime : Time (s): cpu = 00:00:19 ; elapsed = 00:00:32 . Memory (MB): peak = 2748.305 ; gain = 419.078 ; free physical = 207 ; free virtual = 1984
Synthesis Optimization Complete : Time (s): cpu = 00:00:27 ; elapsed = 00:00:45 . Memory (MB): peak = 2748.312 ; gain = 1357.273 ; free physical = 208 ; free virtual = 1985
INFO: [Project 1-571] Translating synthesized netlist
INFO: [Project 1-570] Preparing netlist for logic optimization
INFO: [Opt 31-138] Pushed 0 inverter(s) to 0 load pin(s).
Netlist sorting complete. Time (s): cpu = 00:00:00 ; elapsed = 00:00:00 . Memory (MB): peak = 2808.320 ; gain = 0.000 ; free physical = 160 ; free virtual = 1748
INFO: [Project 1-111] Unisim Transformation Summary:
No Unisim elements were transformed.

INFO: [Common 17-83] Releasing license: Synthesis
20 Infos, 7 Warnings, 0 Critical Warnings and 0 Errors encountered.
synth_design completed successfully
synth_design: Time (s): cpu = 00:00:28 ; elapsed = 00:00:48 . Memory (MB): peak = 2808.320 ; gain = 1444.965 ; free physical = 214 ; free virtual = 1805
Netlist sorting complete. Time (s): cpu = 00:00:00 ; elapsed = 00:00:00 . Memory (MB): peak = 2808.320 ; gain = 0.000 ; free physical = 213 ; free virtual = 1804
WARNING: [Constraints 18-5210] No constraints selected for write.
Resolution: This message can indicate that there are no constraints for the design, or it can indicate that the used_in flags are set such that the constraints are ignored. This later case is used when running synth_design to not write synthesis constraints to the resulting checkpoint. Instead, project constraints are read when the synthesized design is opened.
INFO: [Common 17-1381] The checkpoint '/home/shubham/Vivado_Exercises/EncoderDecoder/EncoderDecoder.runs/design_1_datag_0_0_synth_1/design_1_datag_0_0.dcp' has been generated.
INFO: [Coretcl 2-1648] Added synthesis output to IP cache for IP design_1_datag_0_0, cache-ID = 845d627f46db23ec
Netlist sorting complete. Time (s): cpu = 00:00:00 ; elapsed = 00:00:00 . Memory (MB): peak = 2832.332 ; gain = 0.000 ; free physical = 180 ; free virtual = 1787
WARNING: [Constraints 18-5210] No constraints selected for write.
Resolution: This message can indicate that there are no constraints for the design, or it can indicate that the used_in flags are set such that the constraints are ignored. This later case is used when running synth_design to not write synthesis constraints to the resulting checkpoint. Instead, project constraints are read when the synthesized design is opened.
INFO: [Common 17-1381] The checkpoint '/home/shubham/Vivado_Exercises/EncoderDecoder/EncoderDecoder.runs/design_1_datag_0_0_synth_1/design_1_datag_0_0.dcp' has been generated.
INFO: [runtcl-4] Executing : report_utilization -file design_1_datag_0_0_utilization_synth.rpt -pb design_1_datag_0_0_utilization_synth.pb
INFO: [Common 17-206] Exiting Vivado at Thu Mar 12 13:51:47 2020...
