
*** Running vivado
    with args -log design_1_wrapper.vds -m64 -product Vivado -mode batch -messageDb vivado.pb -notrace -source design_1_wrapper.tcl


****** Vivado v2018.3 (64-bit)
  **** SW Build 2405991 on Thu Dec  6 23:36:41 MST 2018
  **** IP Build 2404404 on Fri Dec  7 01:43:56 MST 2018
    ** Copyright 1986-2018 Xilinx, Inc. All Rights Reserved.

source design_1_wrapper.tcl -notrace
INFO: [IP_Flow 19-234] Refreshing IP repositories
INFO: [IP_Flow 19-1700] Loaded user IP repository '/home/shubham/HLS_Exercises/pspolar111/solution1/impl'.
INFO: [IP_Flow 19-1700] Loaded user IP repository '/home/shubham/HLS_Exercises/LLRGen'.
INFO: [IP_Flow 19-2313] Loaded Vivado IP repository '/home/shubham/Xilinx2018.3/Vivado/2018.3/data/ip'.
Command: synth_design -top design_1_wrapper -part xczu28dr-ffvg1517-2-e
Starting synth_design
Attempting to get a license for feature 'Synthesis' and/or device 'xczu28dr'
INFO: [Common 17-349] Got license for feature 'Synthesis' and/or device 'xczu28dr'
INFO: Launching helper process for spawning children vivado processes
INFO: Helper process launched with PID 15247 
---------------------------------------------------------------------------------
Starting RTL Elaboration : Time (s): cpu = 00:00:01 ; elapsed = 00:00:01 . Memory (MB): peak = 1544.793 ; gain = 79.996 ; free physical = 5405 ; free virtual = 9007
---------------------------------------------------------------------------------
INFO: [Synth 8-6157] synthesizing module 'design_1_wrapper' [/home/shubham/Vivado_Exercises/EncoderDecoder/EncoderDecoder.srcs/sources_1/bd/design_1/hdl/design_1_wrapper.v:12]
INFO: [Synth 8-6157] synthesizing module 'design_1' [/home/shubham/Vivado_Exercises/EncoderDecoder/EncoderDecoder.srcs/sources_1/bd/design_1/synth/design_1.v:13]
INFO: [Synth 8-6157] synthesizing module 'design_1_datag_0_0' [/home/shubham/Vivado_Exercises/EncoderDecoder/EncoderDecoder.runs/synth_1/.Xil/Vivado-15225-shubham-HP-Desktop-Pro-G1-MT/realtime/design_1_datag_0_0_stub.v:6]
INFO: [Synth 8-6155] done synthesizing module 'design_1_datag_0_0' (1#1) [/home/shubham/Vivado_Exercises/EncoderDecoder/EncoderDecoder.runs/synth_1/.Xil/Vivado-15225-shubham-HP-Desktop-Pro-G1-MT/realtime/design_1_datag_0_0_stub.v:6]
WARNING: [Synth 8-350] instance 'datag_0' of module 'design_1_datag_0_0' requires 21 connections, but only 18 given [/home/shubham/Vivado_Exercises/EncoderDecoder/EncoderDecoder.srcs/sources_1/bd/design_1/synth/design_1.v:130]
INFO: [Synth 8-6157] synthesizing module 'design_1_llr_0_0' [/home/shubham/Vivado_Exercises/EncoderDecoder/EncoderDecoder.runs/synth_1/.Xil/Vivado-15225-shubham-HP-Desktop-Pro-G1-MT/realtime/design_1_llr_0_0_stub.v:6]
INFO: [Synth 8-6155] done synthesizing module 'design_1_llr_0_0' (2#1) [/home/shubham/Vivado_Exercises/EncoderDecoder/EncoderDecoder.runs/synth_1/.Xil/Vivado-15225-shubham-HP-Desktop-Pro-G1-MT/realtime/design_1_llr_0_0_stub.v:6]
WARNING: [Synth 8-350] instance 'llr_0' of module 'design_1_llr_0_0' requires 28 connections, but only 25 given [/home/shubham/Vivado_Exercises/EncoderDecoder/EncoderDecoder.srcs/sources_1/bd/design_1/synth/design_1.v:149]
INFO: [Synth 8-6157] synthesizing module 'design_1_polar_0_0' [/home/shubham/Vivado_Exercises/EncoderDecoder/EncoderDecoder.runs/synth_1/.Xil/Vivado-15225-shubham-HP-Desktop-Pro-G1-MT/realtime/design_1_polar_0_0_stub.v:6]
INFO: [Synth 8-6155] done synthesizing module 'design_1_polar_0_0' (3#1) [/home/shubham/Vivado_Exercises/EncoderDecoder/EncoderDecoder.runs/synth_1/.Xil/Vivado-15225-shubham-HP-Desktop-Pro-G1-MT/realtime/design_1_polar_0_0_stub.v:6]
INFO: [Synth 8-6157] synthesizing module 'design_1_polar_1_0' [/home/shubham/Vivado_Exercises/EncoderDecoder/EncoderDecoder.runs/synth_1/.Xil/Vivado-15225-shubham-HP-Desktop-Pro-G1-MT/realtime/design_1_polar_1_0_stub.v:6]
INFO: [Synth 8-6155] done synthesizing module 'design_1_polar_1_0' (4#1) [/home/shubham/Vivado_Exercises/EncoderDecoder/EncoderDecoder.runs/synth_1/.Xil/Vivado-15225-shubham-HP-Desktop-Pro-G1-MT/realtime/design_1_polar_1_0_stub.v:6]
INFO: [Synth 8-6157] synthesizing module 'design_1_ps8_0_axi_periph_0' [/home/shubham/Vivado_Exercises/EncoderDecoder/EncoderDecoder.srcs/sources_1/bd/design_1/synth/design_1.v:437]
INFO: [Synth 8-6157] synthesizing module 'm00_couplers_imp_QJIMLI' [/home/shubham/Vivado_Exercises/EncoderDecoder/EncoderDecoder.srcs/sources_1/bd/design_1/synth/design_1.v:934]
INFO: [Synth 8-6155] done synthesizing module 'm00_couplers_imp_QJIMLI' (5#1) [/home/shubham/Vivado_Exercises/EncoderDecoder/EncoderDecoder.srcs/sources_1/bd/design_1/synth/design_1.v:934]
INFO: [Synth 8-6157] synthesizing module 'm01_couplers_imp_1D3SAH3' [/home/shubham/Vivado_Exercises/EncoderDecoder/EncoderDecoder.srcs/sources_1/bd/design_1/synth/design_1.v:1045]
INFO: [Synth 8-6155] done synthesizing module 'm01_couplers_imp_1D3SAH3' (6#1) [/home/shubham/Vivado_Exercises/EncoderDecoder/EncoderDecoder.srcs/sources_1/bd/design_1/synth/design_1.v:1045]
INFO: [Synth 8-6157] synthesizing module 's00_couplers_imp_1A7ZMW4' [/home/shubham/Vivado_Exercises/EncoderDecoder/EncoderDecoder.srcs/sources_1/bd/design_1/synth/design_1.v:1156]
INFO: [Synth 8-6157] synthesizing module 'design_1_auto_ds_0' [/home/shubham/Vivado_Exercises/EncoderDecoder/EncoderDecoder.runs/synth_1/.Xil/Vivado-15225-shubham-HP-Desktop-Pro-G1-MT/realtime/design_1_auto_ds_0_stub.v:6]
INFO: [Synth 8-6155] done synthesizing module 'design_1_auto_ds_0' (7#1) [/home/shubham/Vivado_Exercises/EncoderDecoder/EncoderDecoder.runs/synth_1/.Xil/Vivado-15225-shubham-HP-Desktop-Pro-G1-MT/realtime/design_1_auto_ds_0_stub.v:6]
INFO: [Synth 8-6157] synthesizing module 'design_1_auto_pc_0' [/home/shubham/Vivado_Exercises/EncoderDecoder/EncoderDecoder.runs/synth_1/.Xil/Vivado-15225-shubham-HP-Desktop-Pro-G1-MT/realtime/design_1_auto_pc_0_stub.v:6]
INFO: [Synth 8-6155] done synthesizing module 'design_1_auto_pc_0' (8#1) [/home/shubham/Vivado_Exercises/EncoderDecoder/EncoderDecoder.runs/synth_1/.Xil/Vivado-15225-shubham-HP-Desktop-Pro-G1-MT/realtime/design_1_auto_pc_0_stub.v:6]
INFO: [Synth 8-6155] done synthesizing module 's00_couplers_imp_1A7ZMW4' (9#1) [/home/shubham/Vivado_Exercises/EncoderDecoder/EncoderDecoder.srcs/sources_1/bd/design_1/synth/design_1.v:1156]
INFO: [Synth 8-6157] synthesizing module 'design_1_xbar_0' [/home/shubham/Vivado_Exercises/EncoderDecoder/EncoderDecoder.runs/synth_1/.Xil/Vivado-15225-shubham-HP-Desktop-Pro-G1-MT/realtime/design_1_xbar_0_stub.v:6]
INFO: [Synth 8-6155] done synthesizing module 'design_1_xbar_0' (10#1) [/home/shubham/Vivado_Exercises/EncoderDecoder/EncoderDecoder.runs/synth_1/.Xil/Vivado-15225-shubham-HP-Desktop-Pro-G1-MT/realtime/design_1_xbar_0_stub.v:6]
WARNING: [Synth 8-350] instance 'xbar' of module 'design_1_xbar_0' requires 40 connections, but only 37 given [/home/shubham/Vivado_Exercises/EncoderDecoder/EncoderDecoder.srcs/sources_1/bd/design_1/synth/design_1.v:894]
INFO: [Synth 8-6155] done synthesizing module 'design_1_ps8_0_axi_periph_0' (11#1) [/home/shubham/Vivado_Exercises/EncoderDecoder/EncoderDecoder.srcs/sources_1/bd/design_1/synth/design_1.v:437]
INFO: [Synth 8-6157] synthesizing module 'design_1_rst_ps8_0_99M_0' [/home/shubham/Vivado_Exercises/EncoderDecoder/EncoderDecoder.runs/synth_1/.Xil/Vivado-15225-shubham-HP-Desktop-Pro-G1-MT/realtime/design_1_rst_ps8_0_99M_0_stub.v:6]
INFO: [Synth 8-6155] done synthesizing module 'design_1_rst_ps8_0_99M_0' (12#1) [/home/shubham/Vivado_Exercises/EncoderDecoder/EncoderDecoder.runs/synth_1/.Xil/Vivado-15225-shubham-HP-Desktop-Pro-G1-MT/realtime/design_1_rst_ps8_0_99M_0_stub.v:6]
WARNING: [Synth 8-350] instance 'rst_ps8_0_99M' of module 'design_1_rst_ps8_0_99M_0' requires 10 connections, but only 6 given [/home/shubham/Vivado_Exercises/EncoderDecoder/EncoderDecoder.srcs/sources_1/bd/design_1/synth/design_1.v:329]
WARNING: [Synth 8-4446] all outputs are unconnected for this instance and logic may be removed [/home/shubham/Vivado_Exercises/EncoderDecoder/EncoderDecoder.srcs/sources_1/bd/design_1/synth/design_1.v:336]
INFO: [Synth 8-6157] synthesizing module 'design_1_system_ila_0_0' [/home/shubham/Vivado_Exercises/EncoderDecoder/EncoderDecoder.runs/synth_1/.Xil/Vivado-15225-shubham-HP-Desktop-Pro-G1-MT/realtime/design_1_system_ila_0_0_stub.v:6]
INFO: [Synth 8-6155] done synthesizing module 'design_1_system_ila_0_0' (13#1) [/home/shubham/Vivado_Exercises/EncoderDecoder/EncoderDecoder.runs/synth_1/.Xil/Vivado-15225-shubham-HP-Desktop-Pro-G1-MT/realtime/design_1_system_ila_0_0_stub.v:6]
INFO: [Synth 8-6157] synthesizing module 'design_1_vio_0_0' [/home/shubham/Vivado_Exercises/EncoderDecoder/EncoderDecoder.runs/synth_1/.Xil/Vivado-15225-shubham-HP-Desktop-Pro-G1-MT/realtime/design_1_vio_0_0_stub.v:6]
INFO: [Synth 8-6155] done synthesizing module 'design_1_vio_0_0' (14#1) [/home/shubham/Vivado_Exercises/EncoderDecoder/EncoderDecoder.runs/synth_1/.Xil/Vivado-15225-shubham-HP-Desktop-Pro-G1-MT/realtime/design_1_vio_0_0_stub.v:6]
INFO: [Synth 8-6157] synthesizing module 'design_1_zynq_ultra_ps_e_0_0' [/home/shubham/Vivado_Exercises/EncoderDecoder/EncoderDecoder.runs/synth_1/.Xil/Vivado-15225-shubham-HP-Desktop-Pro-G1-MT/realtime/design_1_zynq_ultra_ps_e_0_0_stub.v:6]
INFO: [Synth 8-6155] done synthesizing module 'design_1_zynq_ultra_ps_e_0_0' (15#1) [/home/shubham/Vivado_Exercises/EncoderDecoder/EncoderDecoder.runs/synth_1/.Xil/Vivado-15225-shubham-HP-Desktop-Pro-G1-MT/realtime/design_1_zynq_ultra_ps_e_0_0_stub.v:6]
WARNING: [Synth 8-350] instance 'zynq_ultra_ps_e_0' of module 'design_1_zynq_ultra_ps_e_0_0' requires 45 connections, but only 42 given [/home/shubham/Vivado_Exercises/EncoderDecoder/EncoderDecoder.srcs/sources_1/bd/design_1/synth/design_1.v:392]
INFO: [Synth 8-6071] Mark debug on the nets applies keep_hierarchy on instance 'vio_0'. This will prevent further optimization [/home/shubham/Vivado_Exercises/EncoderDecoder/EncoderDecoder.srcs/sources_1/bd/design_1/synth/design_1.v:389]
INFO: [Synth 8-6071] Mark debug on the nets applies keep_hierarchy on instance 'llr_0'. This will prevent further optimization [/home/shubham/Vivado_Exercises/EncoderDecoder/EncoderDecoder.srcs/sources_1/bd/design_1/synth/design_1.v:149]
INFO: [Synth 8-6071] Mark debug on the nets applies keep_hierarchy on instance 'datag_0'. This will prevent further optimization [/home/shubham/Vivado_Exercises/EncoderDecoder/EncoderDecoder.srcs/sources_1/bd/design_1/synth/design_1.v:130]
INFO: [Synth 8-6155] done synthesizing module 'design_1' (16#1) [/home/shubham/Vivado_Exercises/EncoderDecoder/EncoderDecoder.srcs/sources_1/bd/design_1/synth/design_1.v:13]
INFO: [Synth 8-6155] done synthesizing module 'design_1_wrapper' (17#1) [/home/shubham/Vivado_Exercises/EncoderDecoder/EncoderDecoder.srcs/sources_1/bd/design_1/hdl/design_1_wrapper.v:12]
WARNING: [Synth 8-3331] design s00_couplers_imp_1A7ZMW4 has unconnected port M_ACLK
WARNING: [Synth 8-3331] design s00_couplers_imp_1A7ZMW4 has unconnected port M_ARESETN
WARNING: [Synth 8-3331] design m01_couplers_imp_1D3SAH3 has unconnected port M_ACLK
WARNING: [Synth 8-3331] design m01_couplers_imp_1D3SAH3 has unconnected port M_ARESETN
WARNING: [Synth 8-3331] design m01_couplers_imp_1D3SAH3 has unconnected port S_ACLK
WARNING: [Synth 8-3331] design m01_couplers_imp_1D3SAH3 has unconnected port S_ARESETN
WARNING: [Synth 8-3331] design m00_couplers_imp_QJIMLI has unconnected port M_ACLK
WARNING: [Synth 8-3331] design m00_couplers_imp_QJIMLI has unconnected port M_ARESETN
WARNING: [Synth 8-3331] design m00_couplers_imp_QJIMLI has unconnected port S_ACLK
WARNING: [Synth 8-3331] design m00_couplers_imp_QJIMLI has unconnected port S_ARESETN
WARNING: [Synth 8-3331] design design_1_ps8_0_axi_periph_0 has unconnected port M00_ACLK
WARNING: [Synth 8-3331] design design_1_ps8_0_axi_periph_0 has unconnected port M00_ARESETN
WARNING: [Synth 8-3331] design design_1_ps8_0_axi_periph_0 has unconnected port M01_ACLK
WARNING: [Synth 8-3331] design design_1_ps8_0_axi_periph_0 has unconnected port M01_ARESETN
WARNING: [Synth 8-3331] design design_1_ps8_0_axi_periph_0 has unconnected port S00_ACLK
WARNING: [Synth 8-3331] design design_1_ps8_0_axi_periph_0 has unconnected port S00_ARESETN
---------------------------------------------------------------------------------
Finished RTL Elaboration : Time (s): cpu = 00:00:02 ; elapsed = 00:00:02 . Memory (MB): peak = 1590.543 ; gain = 125.746 ; free physical = 5409 ; free virtual = 9013
---------------------------------------------------------------------------------

Report Check Netlist: 
+------+------------------+-------+---------+-------+------------------+
|      |Item              |Errors |Warnings |Status |Description       |
+------+------------------+-------+---------+-------+------------------+
|1     |multi_driven_nets |      0|        0|Passed |Multi driven nets |
+------+------------------+-------+---------+-------+------------------+
---------------------------------------------------------------------------------
Start Handling Custom Attributes
---------------------------------------------------------------------------------
---------------------------------------------------------------------------------
Finished Handling Custom Attributes : Time (s): cpu = 00:00:02 ; elapsed = 00:00:02 . Memory (MB): peak = 1590.543 ; gain = 125.746 ; free physical = 5408 ; free virtual = 9012
---------------------------------------------------------------------------------
---------------------------------------------------------------------------------
Finished RTL Optimization Phase 1 : Time (s): cpu = 00:00:02 ; elapsed = 00:00:02 . Memory (MB): peak = 1590.543 ; gain = 125.746 ; free physical = 5408 ; free virtual = 9012
---------------------------------------------------------------------------------
INFO: [Device 21-403] Loading part xczu28dr-ffvg1517-2-e
INFO: [Project 1-570] Preparing netlist for logic optimization

Processing XDC Constraints
Initializing timing engine
Parsing XDC File [/home/shubham/Vivado_Exercises/EncoderDecoder/EncoderDecoder.srcs/sources_1/bd/design_1/ip/design_1_llr_0_0/design_1_llr_0_0/design_1_llr_0_0_in_context.xdc] for cell 'design_1_i/llr_0'
Finished Parsing XDC File [/home/shubham/Vivado_Exercises/EncoderDecoder/EncoderDecoder.srcs/sources_1/bd/design_1/ip/design_1_llr_0_0/design_1_llr_0_0/design_1_llr_0_0_in_context.xdc] for cell 'design_1_i/llr_0'
Parsing XDC File [/home/shubham/Vivado_Exercises/EncoderDecoder/EncoderDecoder.srcs/sources_1/bd/design_1/ip/design_1_zynq_ultra_ps_e_0_0/design_1_zynq_ultra_ps_e_0_0/design_1_zynq_ultra_ps_e_0_0_in_context.xdc] for cell 'design_1_i/zynq_ultra_ps_e_0'
Finished Parsing XDC File [/home/shubham/Vivado_Exercises/EncoderDecoder/EncoderDecoder.srcs/sources_1/bd/design_1/ip/design_1_zynq_ultra_ps_e_0_0/design_1_zynq_ultra_ps_e_0_0/design_1_zynq_ultra_ps_e_0_0_in_context.xdc] for cell 'design_1_i/zynq_ultra_ps_e_0'
Parsing XDC File [/home/shubham/Vivado_Exercises/EncoderDecoder/EncoderDecoder.srcs/sources_1/bd/design_1/ip/design_1_polar_0_0/design_1_polar_0_0/design_1_polar_0_0_in_context.xdc] for cell 'design_1_i/polar_0'
Finished Parsing XDC File [/home/shubham/Vivado_Exercises/EncoderDecoder/EncoderDecoder.srcs/sources_1/bd/design_1/ip/design_1_polar_0_0/design_1_polar_0_0/design_1_polar_0_0_in_context.xdc] for cell 'design_1_i/polar_0'
Parsing XDC File [/home/shubham/Vivado_Exercises/EncoderDecoder/EncoderDecoder.srcs/sources_1/bd/design_1/ip/design_1_polar_1_0/design_1_polar_1_0/design_1_polar_1_0_in_context.xdc] for cell 'design_1_i/polar_1'
Finished Parsing XDC File [/home/shubham/Vivado_Exercises/EncoderDecoder/EncoderDecoder.srcs/sources_1/bd/design_1/ip/design_1_polar_1_0/design_1_polar_1_0/design_1_polar_1_0_in_context.xdc] for cell 'design_1_i/polar_1'
Parsing XDC File [/home/shubham/Vivado_Exercises/EncoderDecoder/EncoderDecoder.srcs/sources_1/bd/design_1/ip/design_1_xbar_0/design_1_xbar_0/design_1_xbar_0_in_context.xdc] for cell 'design_1_i/ps8_0_axi_periph/xbar'
Finished Parsing XDC File [/home/shubham/Vivado_Exercises/EncoderDecoder/EncoderDecoder.srcs/sources_1/bd/design_1/ip/design_1_xbar_0/design_1_xbar_0/design_1_xbar_0_in_context.xdc] for cell 'design_1_i/ps8_0_axi_periph/xbar'
Parsing XDC File [/home/shubham/Vivado_Exercises/EncoderDecoder/EncoderDecoder.srcs/sources_1/bd/design_1/ip/design_1_rst_ps8_0_99M_0/design_1_rst_ps8_0_99M_0/design_1_rst_ps8_0_99M_0_in_context.xdc] for cell 'design_1_i/rst_ps8_0_99M'
Finished Parsing XDC File [/home/shubham/Vivado_Exercises/EncoderDecoder/EncoderDecoder.srcs/sources_1/bd/design_1/ip/design_1_rst_ps8_0_99M_0/design_1_rst_ps8_0_99M_0/design_1_rst_ps8_0_99M_0_in_context.xdc] for cell 'design_1_i/rst_ps8_0_99M'
Parsing XDC File [/home/shubham/Vivado_Exercises/EncoderDecoder/EncoderDecoder.srcs/sources_1/bd/design_1/ip/design_1_datag_0_0/design_1_datag_0_0/design_1_datag_0_0_in_context.xdc] for cell 'design_1_i/datag_0'
Finished Parsing XDC File [/home/shubham/Vivado_Exercises/EncoderDecoder/EncoderDecoder.srcs/sources_1/bd/design_1/ip/design_1_datag_0_0/design_1_datag_0_0/design_1_datag_0_0_in_context.xdc] for cell 'design_1_i/datag_0'
Parsing XDC File [/home/shubham/Vivado_Exercises/EncoderDecoder/EncoderDecoder.srcs/sources_1/bd/design_1/ip/design_1_vio_0_0/design_1_vio_0_0/design_1_vio_0_0_in_context.xdc] for cell 'design_1_i/vio_0'
Finished Parsing XDC File [/home/shubham/Vivado_Exercises/EncoderDecoder/EncoderDecoder.srcs/sources_1/bd/design_1/ip/design_1_vio_0_0/design_1_vio_0_0/design_1_vio_0_0_in_context.xdc] for cell 'design_1_i/vio_0'
Parsing XDC File [/home/shubham/Vivado_Exercises/EncoderDecoder/EncoderDecoder.srcs/sources_1/bd/design_1/ip/design_1_system_ila_0_0/design_1_system_ila_0_0/design_1_system_ila_0_0_in_context.xdc] for cell 'design_1_i/system_ila_0'
Finished Parsing XDC File [/home/shubham/Vivado_Exercises/EncoderDecoder/EncoderDecoder.srcs/sources_1/bd/design_1/ip/design_1_system_ila_0_0/design_1_system_ila_0_0/design_1_system_ila_0_0_in_context.xdc] for cell 'design_1_i/system_ila_0'
Parsing XDC File [/home/shubham/Vivado_Exercises/EncoderDecoder/EncoderDecoder.srcs/sources_1/bd/design_1/ip/design_1_auto_ds_0/design_1_auto_ds_0/design_1_auto_ds_0_in_context.xdc] for cell 'design_1_i/ps8_0_axi_periph/s00_couplers/auto_ds'
Finished Parsing XDC File [/home/shubham/Vivado_Exercises/EncoderDecoder/EncoderDecoder.srcs/sources_1/bd/design_1/ip/design_1_auto_ds_0/design_1_auto_ds_0/design_1_auto_ds_0_in_context.xdc] for cell 'design_1_i/ps8_0_axi_periph/s00_couplers/auto_ds'
Parsing XDC File [/home/shubham/Vivado_Exercises/EncoderDecoder/EncoderDecoder.srcs/sources_1/bd/design_1/ip/design_1_auto_pc_0/design_1_auto_pc_0/design_1_auto_pc_0_in_context.xdc] for cell 'design_1_i/ps8_0_axi_periph/s00_couplers/auto_pc'
Finished Parsing XDC File [/home/shubham/Vivado_Exercises/EncoderDecoder/EncoderDecoder.srcs/sources_1/bd/design_1/ip/design_1_auto_pc_0/design_1_auto_pc_0/design_1_auto_pc_0_in_context.xdc] for cell 'design_1_i/ps8_0_axi_periph/s00_couplers/auto_pc'
Parsing XDC File [/home/shubham/Vivado_Exercises/EncoderDecoder/EncoderDecoder.runs/synth_1/dont_touch.xdc]
Finished Parsing XDC File [/home/shubham/Vivado_Exercises/EncoderDecoder/EncoderDecoder.runs/synth_1/dont_touch.xdc]
Completed Processing XDC Constraints

Netlist sorting complete. Time (s): cpu = 00:00:00 ; elapsed = 00:00:00 . Memory (MB): peak = 2479.395 ; gain = 0.000 ; free physical = 4581 ; free virtual = 8185
INFO: [Project 1-111] Unisim Transformation Summary:
No Unisim elements were transformed.

Netlist sorting complete. Time (s): cpu = 00:00:00 ; elapsed = 00:00:00 . Memory (MB): peak = 2479.395 ; gain = 0.000 ; free physical = 4581 ; free virtual = 8185
Constraint Validation Runtime : Time (s): cpu = 00:00:00.01 ; elapsed = 00:00:00.01 . Memory (MB): peak = 2479.395 ; gain = 0.000 ; free physical = 4581 ; free virtual = 8185
---------------------------------------------------------------------------------
Finished Constraint Validation : Time (s): cpu = 00:00:11 ; elapsed = 00:00:17 . Memory (MB): peak = 2479.395 ; gain = 1014.598 ; free physical = 4651 ; free virtual = 8255
---------------------------------------------------------------------------------
---------------------------------------------------------------------------------
Start Loading Part and Timing Information
---------------------------------------------------------------------------------
Loading part: xczu28dr-ffvg1517-2-e
INFO: [Synth 8-6742] Reading net delay rules and data
---------------------------------------------------------------------------------
Finished Loading Part and Timing Information : Time (s): cpu = 00:00:11 ; elapsed = 00:00:17 . Memory (MB): peak = 2479.395 ; gain = 1014.598 ; free physical = 4651 ; free virtual = 8255
---------------------------------------------------------------------------------
---------------------------------------------------------------------------------
Start Applying 'set_property' XDC Constraints
---------------------------------------------------------------------------------
Applied set_property DONT_TOUCH = true for design_1_i. (constraint file  auto generated constraint, line ).
Applied set_property DONT_TOUCH = true for design_1_i/llr_0. (constraint file  auto generated constraint, line ).
Applied set_property DONT_TOUCH = true for design_1_i/zynq_ultra_ps_e_0. (constraint file  auto generated constraint, line ).
Applied set_property DONT_TOUCH = true for design_1_i/polar_0. (constraint file  auto generated constraint, line ).
Applied set_property DONT_TOUCH = true for design_1_i/polar_1. (constraint file  auto generated constraint, line ).
Applied set_property DONT_TOUCH = true for design_1_i/ps8_0_axi_periph/xbar. (constraint file  auto generated constraint, line ).
Applied set_property DONT_TOUCH = true for design_1_i/ps8_0_axi_periph. (constraint file  auto generated constraint, line ).
Applied set_property DONT_TOUCH = true for design_1_i/rst_ps8_0_99M. (constraint file  auto generated constraint, line ).
Applied set_property DONT_TOUCH = true for design_1_i/datag_0. (constraint file  auto generated constraint, line ).
Applied set_property DONT_TOUCH = true for design_1_i/vio_0. (constraint file  auto generated constraint, line ).
Applied set_property DONT_TOUCH = true for design_1_i/system_ila_0. (constraint file  auto generated constraint, line ).
Applied set_property DONT_TOUCH = true for design_1_i/ps8_0_axi_periph/s00_couplers/auto_ds. (constraint file  auto generated constraint, line ).
Applied set_property DONT_TOUCH = true for design_1_i/ps8_0_axi_periph/s00_couplers/auto_pc. (constraint file  auto generated constraint, line ).
---------------------------------------------------------------------------------
Finished applying 'set_property' XDC Constraints : Time (s): cpu = 00:00:11 ; elapsed = 00:00:17 . Memory (MB): peak = 2479.395 ; gain = 1014.598 ; free physical = 4651 ; free virtual = 8255
---------------------------------------------------------------------------------
---------------------------------------------------------------------------------
Finished RTL Optimization Phase 2 : Time (s): cpu = 00:00:11 ; elapsed = 00:00:17 . Memory (MB): peak = 2479.395 ; gain = 1014.598 ; free physical = 4653 ; free virtual = 8258
---------------------------------------------------------------------------------

Report RTL Partitions: 
+-+--------------+------------+----------+
| |RTL Partition |Replication |Instances |
+-+--------------+------------+----------+
+-+--------------+------------+----------+
---------------------------------------------------------------------------------
Start RTL Component Statistics 
---------------------------------------------------------------------------------
Detailed RTL Component Info : 
---------------------------------------------------------------------------------
Finished RTL Component Statistics 
---------------------------------------------------------------------------------
---------------------------------------------------------------------------------
Start RTL Hierarchical Component Statistics 
---------------------------------------------------------------------------------
Hierarchical RTL Component report 
---------------------------------------------------------------------------------
Finished RTL Hierarchical Component Statistics
---------------------------------------------------------------------------------
---------------------------------------------------------------------------------
Start Part Resource Summary
---------------------------------------------------------------------------------
Part Resources:
DSPs: 4272 (col length:192)
BRAMs: 2160 (col length: RAMB18 192 RAMB36 96)
---------------------------------------------------------------------------------
Finished Part Resource Summary
---------------------------------------------------------------------------------
---------------------------------------------------------------------------------
Start Cross Boundary and Area Optimization
---------------------------------------------------------------------------------
Warning: Parallel synthesis criteria is not met 
WARNING: [Synth 8-3331] design design_1_ps8_0_axi_periph_0 has unconnected port M00_ACLK
WARNING: [Synth 8-3331] design design_1_ps8_0_axi_periph_0 has unconnected port M00_ARESETN
WARNING: [Synth 8-3331] design design_1_ps8_0_axi_periph_0 has unconnected port M01_ACLK
WARNING: [Synth 8-3331] design design_1_ps8_0_axi_periph_0 has unconnected port M01_ARESETN
WARNING: [Synth 8-3331] design design_1_ps8_0_axi_periph_0 has unconnected port S00_ACLK
WARNING: [Synth 8-3331] design design_1_ps8_0_axi_periph_0 has unconnected port S00_ARESETN
---------------------------------------------------------------------------------
Finished Cross Boundary and Area Optimization : Time (s): cpu = 00:00:11 ; elapsed = 00:00:17 . Memory (MB): peak = 2479.395 ; gain = 1014.598 ; free physical = 4640 ; free virtual = 8247
---------------------------------------------------------------------------------

Report RTL Partitions: 
+-+--------------+------------+----------+
| |RTL Partition |Replication |Instances |
+-+--------------+------------+----------+
+-+--------------+------------+----------+
---------------------------------------------------------------------------------
Start Applying XDC Timing Constraints
---------------------------------------------------------------------------------
INFO: [Synth 8-5578] Moved timing constraint from pin 'design_1_i/zynq_ultra_ps_e_0/pl_clk0' to pin 'design_1_i/zynq_ultra_ps_e_0/bbstub_pl_clk0/O'
INFO: [Synth 8-5819] Moved 1 constraints on hierarchical pins to their respective driving/loading pins
---------------------------------------------------------------------------------
Finished Applying XDC Timing Constraints : Time (s): cpu = 00:00:25 ; elapsed = 00:00:42 . Memory (MB): peak = 2805.660 ; gain = 1340.863 ; free physical = 4182 ; free virtual = 7789
---------------------------------------------------------------------------------
---------------------------------------------------------------------------------
Start Timing Optimization
---------------------------------------------------------------------------------
---------------------------------------------------------------------------------
Finished Timing Optimization : Time (s): cpu = 00:00:25 ; elapsed = 00:00:42 . Memory (MB): peak = 2805.660 ; gain = 1340.863 ; free physical = 4182 ; free virtual = 7789
---------------------------------------------------------------------------------

Report RTL Partitions: 
+-+--------------+------------+----------+
| |RTL Partition |Replication |Instances |
+-+--------------+------------+----------+
+-+--------------+------------+----------+
---------------------------------------------------------------------------------
Start Technology Mapping
---------------------------------------------------------------------------------
---------------------------------------------------------------------------------
Finished Technology Mapping : Time (s): cpu = 00:00:25 ; elapsed = 00:00:42 . Memory (MB): peak = 2816.668 ; gain = 1351.871 ; free physical = 4180 ; free virtual = 7787
---------------------------------------------------------------------------------

Report RTL Partitions: 
+-+--------------+------------+----------+
| |RTL Partition |Replication |Instances |
+-+--------------+------------+----------+
+-+--------------+------------+----------+
---------------------------------------------------------------------------------
Start IO Insertion
---------------------------------------------------------------------------------
---------------------------------------------------------------------------------
Start Flattening Before IO Insertion
---------------------------------------------------------------------------------
---------------------------------------------------------------------------------
Finished Flattening Before IO Insertion
---------------------------------------------------------------------------------
---------------------------------------------------------------------------------
Start Final Netlist Cleanup
---------------------------------------------------------------------------------
---------------------------------------------------------------------------------
Finished Final Netlist Cleanup
---------------------------------------------------------------------------------
---------------------------------------------------------------------------------
Finished IO Insertion : Time (s): cpu = 00:00:26 ; elapsed = 00:00:43 . Memory (MB): peak = 2816.668 ; gain = 1351.871 ; free physical = 4180 ; free virtual = 7787
---------------------------------------------------------------------------------

Report Check Netlist: 
+------+------------------+-------+---------+-------+------------------+
|      |Item              |Errors |Warnings |Status |Description       |
+------+------------------+-------+---------+-------+------------------+
|1     |multi_driven_nets |      0|        0|Passed |Multi driven nets |
+------+------------------+-------+---------+-------+------------------+
---------------------------------------------------------------------------------
Start Renaming Generated Instances
---------------------------------------------------------------------------------
---------------------------------------------------------------------------------
Finished Renaming Generated Instances : Time (s): cpu = 00:00:26 ; elapsed = 00:00:43 . Memory (MB): peak = 2816.668 ; gain = 1351.871 ; free physical = 4180 ; free virtual = 7787
---------------------------------------------------------------------------------

Report RTL Partitions: 
+-+--------------+------------+----------+
| |RTL Partition |Replication |Instances |
+-+--------------+------------+----------+
+-+--------------+------------+----------+
---------------------------------------------------------------------------------
Start Rebuilding User Hierarchy
---------------------------------------------------------------------------------
---------------------------------------------------------------------------------
Finished Rebuilding User Hierarchy : Time (s): cpu = 00:00:26 ; elapsed = 00:00:43 . Memory (MB): peak = 2816.668 ; gain = 1351.871 ; free physical = 4180 ; free virtual = 7787
---------------------------------------------------------------------------------
---------------------------------------------------------------------------------
Start Renaming Generated Ports
---------------------------------------------------------------------------------
---------------------------------------------------------------------------------
Finished Renaming Generated Ports : Time (s): cpu = 00:00:26 ; elapsed = 00:00:43 . Memory (MB): peak = 2816.668 ; gain = 1351.871 ; free physical = 4180 ; free virtual = 7787
---------------------------------------------------------------------------------
---------------------------------------------------------------------------------
Start Handling Custom Attributes
---------------------------------------------------------------------------------
---------------------------------------------------------------------------------
Finished Handling Custom Attributes : Time (s): cpu = 00:00:26 ; elapsed = 00:00:43 . Memory (MB): peak = 2816.668 ; gain = 1351.871 ; free physical = 4180 ; free virtual = 7787
---------------------------------------------------------------------------------
---------------------------------------------------------------------------------
Start Renaming Generated Nets
---------------------------------------------------------------------------------
---------------------------------------------------------------------------------
Finished Renaming Generated Nets : Time (s): cpu = 00:00:26 ; elapsed = 00:00:43 . Memory (MB): peak = 2816.668 ; gain = 1351.871 ; free physical = 4180 ; free virtual = 7787
---------------------------------------------------------------------------------
---------------------------------------------------------------------------------
Start Writing Synthesis Report
---------------------------------------------------------------------------------

Report BlackBoxes: 
+------+-----------------------------+----------+
|      |BlackBox name                |Instances |
+------+-----------------------------+----------+
|1     |design_1_xbar_0              |         1|
|2     |design_1_auto_ds_0           |         1|
|3     |design_1_auto_pc_0           |         1|
|4     |design_1_datag_0_0           |         1|
|5     |design_1_llr_0_0             |         1|
|6     |design_1_polar_0_0           |         1|
|7     |design_1_polar_1_0           |         1|
|8     |design_1_rst_ps8_0_99M_0     |         1|
|9     |design_1_system_ila_0_0      |         1|
|10    |design_1_vio_0_0             |         1|
|11    |design_1_zynq_ultra_ps_e_0_0 |         1|
+------+-----------------------------+----------+

Report Cell Usage: 
+------+-----------------------------+------+
|      |Cell                         |Count |
+------+-----------------------------+------+
|1     |design_1_auto_ds_0           |     1|
|2     |design_1_auto_pc_0           |     1|
|3     |design_1_datag_0_0           |     1|
|4     |design_1_llr_0_0             |     1|
|5     |design_1_polar_0_0           |     1|
|6     |design_1_polar_1_0           |     1|
|7     |design_1_rst_ps8_0_99M_0     |     1|
|8     |design_1_system_ila_0_0      |     1|
|9     |design_1_vio_0_0             |     1|
|10    |design_1_xbar_0              |     1|
|11    |design_1_zynq_ultra_ps_e_0_0 |     1|
+------+-----------------------------+------+

Report Instance Areas: 
+------+---------------------+----------------------------+------+
|      |Instance             |Module                      |Cells |
+------+---------------------+----------------------------+------+
|1     |top                  |                            |  1951|
|2     |  design_1_i         |design_1                    |  1951|
|3     |    ps8_0_axi_periph |design_1_ps8_0_axi_periph_0 |   814|
|4     |      s00_couplers   |s00_couplers_imp_1A7ZMW4    |   519|
+------+---------------------+----------------------------+------+
---------------------------------------------------------------------------------
Finished Writing Synthesis Report : Time (s): cpu = 00:00:26 ; elapsed = 00:00:43 . Memory (MB): peak = 2816.668 ; gain = 1351.871 ; free physical = 4180 ; free virtual = 7787
---------------------------------------------------------------------------------
Synthesis finished with 0 errors, 0 critical warnings and 6 warnings.
Synthesis Optimization Runtime : Time (s): cpu = 00:00:18 ; elapsed = 00:00:30 . Memory (MB): peak = 2816.668 ; gain = 463.020 ; free physical = 4221 ; free virtual = 7827
Synthesis Optimization Complete : Time (s): cpu = 00:00:26 ; elapsed = 00:00:43 . Memory (MB): peak = 2816.676 ; gain = 1351.871 ; free physical = 4221 ; free virtual = 7827
INFO: [Project 1-571] Translating synthesized netlist
INFO: [Project 1-570] Preparing netlist for logic optimization
INFO: [Opt 31-138] Pushed 0 inverter(s) to 0 load pin(s).
Netlist sorting complete. Time (s): cpu = 00:00:00 ; elapsed = 00:00:00 . Memory (MB): peak = 2853.730 ; gain = 0.000 ; free physical = 4147 ; free virtual = 7754
INFO: [Project 1-111] Unisim Transformation Summary:
No Unisim elements were transformed.

INFO: [Common 17-83] Releasing license: Synthesis
53 Infos, 28 Warnings, 0 Critical Warnings and 0 Errors encountered.
synth_design completed successfully
synth_design: Time (s): cpu = 00:00:27 ; elapsed = 00:00:44 . Memory (MB): peak = 2865.730 ; gain = 1400.938 ; free physical = 4194 ; free virtual = 7800
INFO: [Common 17-600] The following parameters have non-default value.
tcl.collectionResultDisplayLimit
Netlist sorting complete. Time (s): cpu = 00:00:00 ; elapsed = 00:00:00 . Memory (MB): peak = 2865.730 ; gain = 0.000 ; free physical = 4194 ; free virtual = 7800
WARNING: [Constraints 18-5210] No constraints selected for write.
Resolution: This message can indicate that there are no constraints for the design, or it can indicate that the used_in flags are set such that the constraints are ignored. This later case is used when running synth_design to not write synthesis constraints to the resulting checkpoint. Instead, project constraints are read when the synthesized design is opened.
INFO: [Common 17-1381] The checkpoint '/home/shubham/Vivado_Exercises/EncoderDecoder/EncoderDecoder.runs/synth_1/design_1_wrapper.dcp' has been generated.
INFO: [runtcl-4] Executing : report_utilization -file design_1_wrapper_utilization_synth.rpt -pb design_1_wrapper_utilization_synth.pb
INFO: [Common 17-206] Exiting Vivado at Thu Mar 12 15:45:36 2020...
