Copyright 1986-2018 Xilinx, Inc. All Rights Reserved.
-----------------------------------------------------------------------------------------------------------------------------
| Tool Version : Vivado v.2018.3 (lin64) Build 2405991 Thu Dec  6 23:36:41 MST 2018
| Date         : Thu Mar 12 15:52:42 2020
| Host         : shubham-HP-Desktop-Pro-G1-MT running 64-bit Ubuntu 18.04.1 LTS
| Command      : report_utilization -file design_1_wrapper_utilization_placed.rpt -pb design_1_wrapper_utilization_placed.pb
| Design       : design_1_wrapper
| Device       : xczu28drffvg1517-2
| Design State : Fully Placed
-----------------------------------------------------------------------------------------------------------------------------

Utilization Design Information

Table of Contents
-----------------
1. CLB Logic
1.1 Summary of Registers by Type
2. CLB Logic Distribution
3. BLOCKRAM
4. ARITHMETIC
5. I/O
6. CLOCK
7. ADVANCED
8. CONFIGURATION
9. Primitives
10. Black Boxes
11. Instantiated Netlists

1. CLB Logic
------------

+----------------------------+-------+-------+-----------+-------+
|          Site Type         |  Used | Fixed | Available | Util% |
+----------------------------+-------+-------+-----------+-------+
| CLB LUTs                   | 66099 |     0 |    425280 | 15.54 |
|   LUT as Logic             | 53545 |     0 |    425280 | 12.59 |
|   LUT as Memory            | 12554 |     0 |    213600 |  5.88 |
|     LUT as Distributed RAM | 10202 |     0 |           |       |
|     LUT as Shift Register  |  2352 |     0 |           |       |
| CLB Registers              | 50034 |     0 |    850560 |  5.88 |
|   Register as Flip Flop    | 50034 |     0 |    850560 |  5.88 |
|   Register as Latch        |     0 |     0 |    850560 |  0.00 |
| CARRY8                     |   812 |     0 |     53160 |  1.53 |
| F7 Muxes                   |  4136 |     0 |    212640 |  1.95 |
| F8 Muxes                   |   357 |     0 |    106320 |  0.34 |
| F9 Muxes                   |     0 |     0 |     53160 |  0.00 |
+----------------------------+-------+-------+-----------+-------+


1.1 Summary of Registers by Type
--------------------------------

+-------+--------------+-------------+--------------+
| Total | Clock Enable | Synchronous | Asynchronous |
+-------+--------------+-------------+--------------+
| 0     |            _ |           - |            - |
| 0     |            _ |           - |          Set |
| 0     |            _ |           - |        Reset |
| 0     |            _ |         Set |            - |
| 0     |            _ |       Reset |            - |
| 0     |          Yes |           - |            - |
| 73    |          Yes |           - |          Set |
| 246   |          Yes |           - |        Reset |
| 2453  |          Yes |         Set |            - |
| 47262 |          Yes |       Reset |            - |
+-------+--------------+-------------+--------------+


2. CLB Logic Distribution
-------------------------

+--------------------------------------------+-------+-------+-----------+-------+
|                  Site Type                 |  Used | Fixed | Available | Util% |
+--------------------------------------------+-------+-------+-----------+-------+
| CLB                                        | 12034 |     0 |     53160 | 22.64 |
|   CLBL                                     |  5889 |     0 |           |       |
|   CLBM                                     |  6145 |     0 |           |       |
| LUT as Logic                               | 53545 |     0 |    425280 | 12.59 |
|   using O5 output only                     |   406 |       |           |       |
|   using O6 output only                     | 43737 |       |           |       |
|   using O5 and O6                          |  9402 |       |           |       |
| LUT as Memory                              | 12554 |     0 |    213600 |  5.88 |
|   LUT as Distributed RAM                   | 10202 |     0 |           |       |
|     using O5 output only                   |     0 |       |           |       |
|     using O6 output only                   |  7810 |       |           |       |
|     using O5 and O6                        |  2392 |       |           |       |
|   LUT as Shift Register                    |  2352 |     0 |           |       |
|     using O5 output only                   |     0 |       |           |       |
|     using O6 output only                   |   500 |       |           |       |
|     using O5 and O6                        |  1852 |       |           |       |
| CLB Registers                              | 50034 |     0 |    850560 |  5.88 |
|   Register driven from within the CLB      | 31969 |       |           |       |
|   Register driven from outside the CLB     | 18065 |       |           |       |
|     LUT in front of the register is unused | 11803 |       |           |       |
|     LUT in front of the register is used   |  6262 |       |           |       |
| Unique Control Sets                        |  1773 |       |    106320 |  1.67 |
+--------------------------------------------+-------+-------+-----------+-------+
* Note: Available Control Sets calculated as CLB Registers / 8, Review the Control Sets Report for more information regarding control sets.


3. BLOCKRAM
-----------

+-------------------+------+-------+-----------+-------+
|     Site Type     | Used | Fixed | Available | Util% |
+-------------------+------+-------+-----------+-------+
| Block RAM Tile    | 43.5 |     0 |      1080 |  4.03 |
|   RAMB36/FIFO*    |   29 |     0 |      1080 |  2.69 |
|     RAMB36E2 only |   29 |       |           |       |
|   RAMB18          |   29 |     0 |      2160 |  1.34 |
|     RAMB18E2 only |   29 |       |           |       |
| URAM              |    0 |     0 |        80 |  0.00 |
+-------------------+------+-------+-----------+-------+
* Note: Each Block RAM Tile only has one FIFO logic available and therefore can accommodate only one FIFO36E2 or one FIFO18E2. However, if a FIFO18E2 occupies a Block RAM Tile, that tile can still accommodate a RAMB18E2


4. ARITHMETIC
-------------

+-----------+------+-------+-----------+-------+
| Site Type | Used | Fixed | Available | Util% |
+-----------+------+-------+-----------+-------+
| DSPs      |    0 |     0 |      4272 |  0.00 |
+-----------+------+-------+-----------+-------+


5. I/O
------

+------------------+------+-------+-----------+-------+
|     Site Type    | Used | Fixed | Available | Util% |
+------------------+------+-------+-----------+-------+
| Bonded IOB       |    0 |     0 |       347 |  0.00 |
| HPIOB_M          |    0 |     0 |       138 |  0.00 |
| HPIOB_S          |    0 |     0 |       138 |  0.00 |
| HDIOB_M          |    0 |     0 |        24 |  0.00 |
| HDIOB_S          |    0 |     0 |        24 |  0.00 |
| HPIOB_SNGL       |    0 |     0 |        23 |  0.00 |
| HPIOBDIFFINBUF   |    0 |     0 |       192 |  0.00 |
| HPIOBDIFFOUTBUF  |    0 |     0 |       192 |  0.00 |
| HDIOBDIFFINBUF   |    0 |     0 |        72 |  0.00 |
| BITSLICE_CONTROL |    0 |     0 |        64 |  0.00 |
| BITSLICE_RX_TX   |    0 |     0 |       416 |  0.00 |
| BITSLICE_TX      |    0 |     0 |        64 |  0.00 |
| RIU_OR           |    0 |     0 |        32 |  0.00 |
+------------------+------+-------+-----------+-------+


6. CLOCK
--------

+----------------------+------+-------+-----------+-------+
|       Site Type      | Used | Fixed | Available | Util% |
+----------------------+------+-------+-----------+-------+
| GLOBAL CLOCK BUFFERs |   10 |     0 |       696 |  1.44 |
|   BUFGCE             |    9 |     0 |       216 |  4.17 |
|   BUFGCE_DIV         |    0 |     0 |        32 |  0.00 |
|   BUFG_GT            |    0 |     0 |       312 |  0.00 |
|   BUFG_PS            |    1 |     0 |        72 |  1.39 |
|   BUFGCTRL*          |    0 |     0 |        64 |  0.00 |
| PLL                  |    0 |     0 |        16 |  0.00 |
| MMCM                 |    0 |     0 |         8 |  0.00 |
+----------------------+------+-------+-----------+-------+
* Note: Each used BUFGCTRL counts as two global buffer resources. This table does not include global clocking resources, only buffer cell usage. See the Clock Utilization Report (report_clock_utilization) for detailed accounting of global clocking resource availability.


7. ADVANCED
-----------

+-----------------+------+-------+-----------+--------+
|    Site Type    | Used | Fixed | Available |  Util% |
+-----------------+------+-------+-----------+--------+
| CMACE4          |    0 |     0 |         2 |   0.00 |
| FE              |    0 |     0 |         8 |   0.00 |
| GTYE4_CHANNEL   |    0 |     0 |        16 |   0.00 |
| GTYE4_COMMON    |    0 |     0 |         4 |   0.00 |
| HSADC           |    0 |     0 |         4 |   0.00 |
| HSDAC           |    0 |     0 |         4 |   0.00 |
| ILKNE4          |    0 |     0 |         1 |   0.00 |
| OBUFDS_GTE4     |    0 |     0 |         8 |   0.00 |
| OBUFDS_GTE4_ADV |    0 |     0 |         8 |   0.00 |
| PCIE40E4        |    0 |     0 |         2 |   0.00 |
| PS8             |    1 |     0 |         1 | 100.00 |
| SYSMONE4        |    0 |     0 |         1 |   0.00 |
+-----------------+------+-------+-----------+--------+


8. CONFIGURATION
----------------

+-------------+------+-------+-----------+-------+
|  Site Type  | Used | Fixed | Available | Util% |
+-------------+------+-------+-----------+-------+
| BSCANE2     |    1 |     0 |         4 | 25.00 |
| DNA_PORTE2  |    0 |     0 |         1 |  0.00 |
| EFUSE_USR   |    0 |     0 |         1 |  0.00 |
| FRAME_ECCE4 |    0 |     0 |         1 |  0.00 |
| ICAPE3      |    0 |     0 |         2 |  0.00 |
| MASTER_JTAG |    0 |     0 |         1 |  0.00 |
| STARTUPE3   |    0 |     0 |         1 |  0.00 |
+-------------+------+-------+-----------+-------+


9. Primitives
-------------

+----------+-------+---------------------+
| Ref Name |  Used | Functional Category |
+----------+-------+---------------------+
| FDRE     | 47262 |            Register |
| LUT6     | 34260 |                 CLB |
| LUT3     |  9969 |                 CLB |
| LUT5     |  8540 |                 CLB |
| RAMD64E  |  7664 |                 CLB |
| LUT4     |  6556 |                 CLB |
| RAMD32   |  4600 |                 CLB |
| MUXF7    |  4136 |                 CLB |
| SRL16E   |  3397 |                 CLB |
| LUT2     |  3109 |                 CLB |
| FDSE     |  2453 |            Register |
| CARRY8   |   812 |                 CLB |
| SRLC32E  |   805 |                 CLB |
| LUT1     |   513 |                 CLB |
| MUXF8    |   357 |                 CLB |
| RAMS32   |   328 |                 CLB |
| FDCE     |   246 |            Register |
| FDPE     |    73 |            Register |
| RAMB36E2 |    29 |           Block Ram |
| RAMB18E2 |    29 |           Block Ram |
| BUFGCE   |     9 |               Clock |
| SRLC16E  |     2 |                 CLB |
| RAMS64E  |     2 |                 CLB |
| PS8      |     1 |            Advanced |
| BUFG_PS  |     1 |               Clock |
| BSCANE2  |     1 |       Configuration |
+----------+-------+---------------------+


10. Black Boxes
---------------

+----------+------+
| Ref Name | Used |
+----------+------+


11. Instantiated Netlists
-------------------------

+------------------------------+------+
|           Ref Name           | Used |
+------------------------------+------+
| design_1_zynq_ultra_ps_e_0_0 |    1 |
| design_1_xbar_0              |    1 |
| design_1_vio_0_0             |    1 |
| design_1_system_ila_0_0      |    1 |
| design_1_rst_ps8_0_99M_0     |    1 |
| design_1_polar_1_0           |    1 |
| design_1_polar_0_0           |    1 |
| design_1_llr_0_0             |    1 |
| design_1_datag_0_0           |    1 |
| design_1_auto_pc_0           |    1 |
| design_1_auto_ds_0           |    1 |
| dbg_hub                      |    1 |
+------------------------------+------+


